[10:49:33:241 @107 main: Start parse directory
[10:49:33:246 @127 main: Created a worker for input\reviews\Emeryville\review10323.json
[10:49:33:247 @127 main: Created a worker for input\reviews\Emeryville\review15674041.json
[10:49:33:247 @127 main: Created a worker for input\reviews\Emeryville\review17280.json
[10:49:33:247 @127 main: Created a worker for input\reviews\Emeryville\review547988.json
[10:49:33:247 @127 main: Created a worker for input\reviews\SanCarlos\review14781.json
[10:49:33:248 @127 main: Created a worker for input\reviews\SanCarlos\review200649.json
[10:49:33:248 @69 pool-3-thread-1: A worker has done its job hotelapp.MultiThreadJsonFileParser$Worker@2922e2bb
[10:49:33:248 @69 pool-3-thread-1: A worker has done its job hotelapp.MultiThreadJsonFileParser$Worker@2d1d7347
[10:49:33:249 @127 main: Created a worker for input\reviews\SanFrancisco\FinancialDistrict\review4302.json
[10:49:33:249 @127 main: Created a worker for input\reviews\SanFrancisco\FishermansWharf\review1047.json
[10:49:33:249 @69 pool-3-thread-1: A worker has done its job hotelapp.MultiThreadJsonFileParser$Worker@681fe880
[10:49:33:249 @127 main: Created a worker for input\reviews\SanFrancisco\FishermansWharf\review20488.json
[10:49:33:249 @69 pool-3-thread-1: A worker has done its job hotelapp.MultiThreadJsonFileParser$Worker@67347114
[10:49:33:249 @127 main: Created a worker for input\reviews\SanFrancisco\FishermansWharf\review22500.json
[10:49:33:250 @127 main: Created a worker for input\reviews\SanFrancisco\FishermansWharf\review24625.json
[10:49:33:250 @127 main: Created a worker for input\reviews\SanFrancisco\FishermansWharf\review422927.json
[10:49:33:250 @127 main: Created a worker for input\reviews\SanFrancisco\FishermansWharf\review476728.json
[10:49:33:250 @127 main: Created a worker for input\reviews\SanFrancisco\FishermansWharf\review578899.json
[10:49:33:250 @69 pool-3-thread-1: A worker has done its job hotelapp.MultiThreadJsonFileParser$Worker@59bd6073
[10:49:33:250 @127 main: Created a worker for input\reviews\SanFrancisco\Hostels\review14772741.json
[10:49:33:250 @127 main: Created a worker for input\reviews\SanFrancisco\Hostels\review9491356.json
[10:49:33:250 @127 main: Created a worker for input\reviews\SanFrancisco\review1145267.json
[10:49:33:250 @127 main: Created a worker for input\reviews\SanFrancisco\review1146383.json
[10:49:33:250 @127 main: Created a worker for input\reviews\SanFrancisco\review11509.json
[10:49:33:251 @127 main: Created a worker for input\reviews\SanFrancisco\review11523.json
[10:49:33:251 @127 main: Created a worker for input\reviews\SanFrancisco\review11771.json
[10:49:33:251 @69 pool-3-thread-1: A worker has done its job hotelapp.MultiThreadJsonFileParser$Worker@1f7ca748
[10:49:33:251 @127 main: Created a worker for input\reviews\SanFrancisco\review11793.json
[10:49:33:251 @127 main: Created a worker for input\reviews\SanFrancisco\review118232.json
[10:49:33:251 @127 main: Created a worker for input\reviews\SanFrancisco\review1208461.json
[10:49:33:251 @127 main: Created a worker for input\reviews\SanFrancisco\review12493.json
[10:49:33:251 @127 main: Created a worker for input\reviews\SanFrancisco\review12539.json
[10:49:33:251 @69 pool-3-thread-1: A worker has done its job hotelapp.MultiThreadJsonFileParser$Worker@83017cf
[10:49:33:251 @127 main: Created a worker for input\reviews\SanFrancisco\review1321986.json
[10:49:33:251 @127 main: Created a worker for input\reviews\SanFrancisco\review13950.json
[10:49:33:251 @127 main: Created a worker for input\reviews\SanFrancisco\review14451.json
[10:49:33:251 @127 main: Created a worker for input\reviews\SanFrancisco\review14553.json
[10:49:33:251 @127 main: Created a worker for input\reviews\SanFrancisco\review14781.json
[10:49:33:252 @127 main: Created a worker for input\reviews\SanFrancisco\review15135.json
[10:49:33:252 @69 pool-3-thread-1: A worker has done its job hotelapp.MultiThreadJsonFileParser$Worker@4cc87b0c
[10:49:33:252 @127 main: Created a worker for input\reviews\SanFrancisco\review1515923.json
[10:49:33:252 @127 main: Created a worker for input\reviews\SanFrancisco\review15254.json
[10:49:33:252 @127 main: Created a worker for input\reviews\SanFrancisco\review15769.json
[10:49:33:252 @127 main: Created a worker for input\reviews\SanFrancisco\review1588312.json
[10:49:33:252 @127 main: Created a worker for input\reviews\SanFrancisco\review1606984.json
[10:49:33:252 @127 main: Created a worker for input\reviews\SanFrancisco\review16552.json
[10:49:33:252 @127 main: Created a worker for input\reviews\SanFrancisco\review17616.json
[10:49:33:252 @69 pool-3-thread-1: A worker has done its job hotelapp.MultiThreadJsonFileParser$Worker@7ec4341e
[10:49:33:252 @127 main: Created a worker for input\reviews\SanFrancisco\review1766605.json
[10:49:33:252 @127 main: Created a worker for input\reviews\SanFrancisco\review18200.json
[10:49:33:252 @127 main: Created a worker for input\reviews\SanFrancisco\review18204.json
[10:49:33:252 @127 main: Created a worker for input\reviews\SanFrancisco\review18320.json
[10:49:33:252 @127 main: Created a worker for input\reviews\SanFrancisco\review18437.json
[10:49:33:252 @127 main: Created a worker for input\reviews\SanFrancisco\review18962.json
[10:49:33:253 @127 main: Created a worker for input\reviews\SanFrancisco\review19035.json
[10:49:33:253 @69 pool-3-thread-1: A worker has done its job hotelapp.MultiThreadJsonFileParser$Worker@4788a69
[10:49:33:253 @127 main: Created a worker for input\reviews\SanFrancisco\review19842.json
[10:49:33:253 @127 main: Created a worker for input\reviews\SanFrancisco\review20191.json
[10:49:33:253 @127 main: Created a worker for input\reviews\SanFrancisco\review20701.json
[10:49:33:253 @127 main: Created a worker for input\reviews\SanFrancisco\review21073.json
[10:49:33:253 @127 main: Created a worker for input\reviews\SanFrancisco\review22148.json
[10:49:33:253 @127 main: Created a worker for input\reviews\SanFrancisco\review22510.json
[10:49:33:253 @69 pool-3-thread-1: A worker has done its job hotelapp.MultiThreadJsonFileParser$Worker@c7e6b46
[10:49:33:254 @127 main: Created a worker for input\reviews\SanFrancisco\review225819.json
[10:49:33:254 @127 main: Created a worker for input\reviews\SanFrancisco\review2336.json
[10:49:33:254 @127 main: Created a worker for input\reviews\SanFrancisco\review23383.json
[10:49:33:254 @127 main: Created a worker for input\reviews\SanFrancisco\review23406.json
[10:49:33:254 @127 main: Created a worker for input\reviews\SanFrancisco\review23581.json
[10:49:33:254 @127 main: Created a worker for input\reviews\SanFrancisco\review23774.json
[10:49:33:254 @69 pool-3-thread-1: A worker has done its job hotelapp.MultiThreadJsonFileParser$Worker@36171de
[10:49:33:254 @127 main: Created a worker for input\reviews\SanFrancisco\review2406.json
[10:49:33:254 @127 main: Created a worker for input\reviews\SanFrancisco\review24540.json
[10:49:33:254 @127 main: Created a worker for input\reviews\SanFrancisco\review24620.json
[10:49:33:255 @127 main: Created a worker for input\reviews\SanFrancisco\review25271.json
[10:49:33:255 @69 pool-3-thread-1: A worker has done its job hotelapp.MultiThreadJsonFileParser$Worker@5cdac168
[10:49:33:255 @127 main: Created a worker for input\reviews\SanFrancisco\review2536795.json
[10:49:33:255 @127 main: Created a worker for input\reviews\SanFrancisco\review25860.json
[10:49:33:255 @127 main: Created a worker for input\reviews\SanFrancisco\review26760.json
[10:49:33:255 @127 main: Created a worker for input\reviews\SanFrancisco\review26945.json
[10:49:33:255 @127 main: Created a worker for input\reviews\SanFrancisco\review27274.json
[10:49:33:255 @69 pool-3-thread-1: A worker has done its job hotelapp.MultiThreadJsonFileParser$Worker@1c312358
[10:49:33:255 @127 main: Created a worker for input\reviews\SanFrancisco\review28200.json
[10:49:33:255 @127 main: Created a worker for input\reviews\SanFrancisco\review283107.json
[10:49:33:255 @127 main: Created a worker for input\reviews\SanFrancisco\review287112.json
[10:49:33:255 @69 pool-3-thread-1: A worker has done its job hotelapp.MultiThreadJsonFileParser$Worker@636a4fc3
[10:49:33:256 @127 main: Created a worker for input\reviews\SanFrancisco\review287665.json
[10:49:33:256 @127 main: Created a worker for input\reviews\SanFrancisco\review296720.json
[10:49:33:256 @127 main: Created a worker for input\reviews\SanFrancisco\review3308.json
[10:49:33:256 @127 main: Created a worker for input\reviews\SanFrancisco\review3552.json
[10:49:33:256 @127 main: Created a worker for input\reviews\SanFrancisco\review40682.json
[10:49:33:256 @127 main: Created a worker for input\reviews\SanFrancisco\review41833.json
[10:49:33:256 @127 main: Created a worker for input\reviews\SanFrancisco\review42336.json
[10:49:33:256 @69 pool-3-thread-1: A worker has done its job hotelapp.MultiThreadJsonFileParser$Worker@6b0d3df1
[10:49:33:256 @127 main: Created a worker for input\reviews\SanFrancisco\review437098.json
[10:49:33:256 @127 main: Created a worker for input\reviews\SanFrancisco\review438727.json
[10:49:33:256 @127 main: Created a worker for input\reviews\SanFrancisco\review4432027.json
[10:49:33:256 @127 main: Created a worker for input\reviews\SanFrancisco\review444672.json
[10:49:33:256 @127 main: Created a worker for input\reviews\SanFrancisco\review455591.json
[10:49:33:256 @127 main: Created a worker for input\reviews\SanFrancisco\review476728.json
[10:49:33:257 @127 main: Created a worker for input\reviews\SanFrancisco\review5045.json
[10:49:33:257 @69 pool-3-thread-1: A worker has done its job hotelapp.MultiThreadJsonFileParser$Worker@61566079
[10:49:33:257 @127 main: Created a worker for input\reviews\SanFrancisco\review50993.json
[10:49:33:257 @127 main: Created a worker for input\reviews\SanFrancisco\review51116.json
[10:49:33:257 @127 main: Created a worker for input\reviews\SanFrancisco\review519729.json
[10:49:33:257 @127 main: Created a worker for input\reviews\SanFrancisco\review522505.json
[10:49:33:257 @127 main: Created a worker for input\reviews\SanFrancisco\review533579.json
[10:49:33:257 @127 main: Created a worker for input\reviews\SanFrancisco\review5338.json
[10:49:33:257 @69 pool-3-thread-1: A worker has done its job hotelapp.MultiThreadJsonFileParser$Worker@7468b4e8
[10:49:33:257 @127 main: Created a worker for input\reviews\SanFrancisco\review5361249.json
[10:49:33:257 @127 main: Created a worker for input\reviews\SanFrancisco\review5425.json
[10:49:33:257 @127 main: Created a worker for input\reviews\SanFrancisco\review564858.json
[10:49:33:257 @127 main: Created a worker for input\reviews\SanFrancisco\review57255.json
[10:49:33:257 @127 main: Created a worker for input\reviews\SanFrancisco\review578899.json
[10:49:33:257 @127 main: Created a worker for input\reviews\SanFrancisco\review5830.json
[10:49:33:258 @127 main: Created a worker for input\reviews\SanFrancisco\review5875.json
[10:49:33:258 @127 main: Created a worker for input\reviews\SanFrancisco\review5901.json
[10:49:33:258 @127 main: Created a worker for input\reviews\SanFrancisco\review5984.json
[10:49:33:258 @127 main: Created a worker for input\reviews\SanFrancisco\review6271901.json
[10:49:33:258 @127 main: Created a worker for input\reviews\SanFrancisco\review6505.json
[10:49:33:258 @69 pool-3-thread-1: A worker has done its job hotelapp.MultiThreadJsonFileParser$Worker@45cde9f1
[10:49:33:258 @127 main: Created a worker for input\reviews\SanFrancisco\review662368.json
[10:49:33:258 @127 main: Created a worker for input\reviews\SanFrancisco\review6666.json
[10:49:33:258 @127 main: Created a worker for input\reviews\SanFrancisco\review6706717.json
[10:49:33:258 @127 main: Created a worker for input\reviews\SanFrancisco\review693658.json
[10:49:33:258 @127 main: Created a worker for input\reviews\SanFrancisco\review7262522.json
[10:49:33:258 @69 pool-3-thread-1: A worker has done its job hotelapp.MultiThreadJsonFileParser$Worker@472db60c
[10:49:33:259 @127 main: Created a worker for input\reviews\SanFrancisco\review7635.json
[10:49:33:259 @69 pool-3-thread-1: A worker has done its job hotelapp.MultiThreadJsonFileParser$Worker@152a4338
[10:49:33:259 @127 main: Created a worker for input\reviews\SanFrancisco\review7713.json
[10:49:33:259 @127 main: Created a worker for input\reviews\SanFrancisco\review789395.json
[10:49:33:259 @127 main: Created a worker for input\reviews\SanFrancisco\review790530.json
[10:49:33:259 @127 main: Created a worker for input\reviews\SanFrancisco\review790579.json
[10:49:33:260 @127 main: Created a worker for input\reviews\SanFrancisco\review791769.json
[10:49:33:260 @69 pool-3-thread-1: A worker has done its job hotelapp.MultiThreadJsonFileParser$Worker@24547a81
[10:49:33:260 @127 main: Created a worker for input\reviews\SanFrancisco\review7942.json
[10:49:33:260 @127 main: Created a worker for input\reviews\SanFrancisco\review808403.json
[10:49:33:260 @127 main: Created a worker for input\reviews\SanFrancisco\review8090040.json
[10:49:33:260 @127 main: Created a worker for input\reviews\SanFrancisco\review855749.json
[10:49:33:260 @127 main: Created a worker for input\reviews\SanFrancisco\review856888.json
[10:49:33:260 @69 pool-3-thread-1: A worker has done its job hotelapp.MultiThreadJsonFileParser$Worker@efc8d9b
[10:49:33:260 @127 main: Created a worker for input\reviews\SanFrancisco\review8638.json
[10:49:33:260 @127 main: Created a worker for input\reviews\SanFrancisco\review8647196.json
[10:49:33:260 @127 main: Created a worker for input\reviews\SanFrancisco\review876315.json
[10:49:33:260 @127 main: Created a worker for input\reviews\SanFrancisco\review881699.json
[10:49:33:261 @127 main: Created a worker for input\reviews\SanFrancisco\review883306.json
[10:49:33:261 @69 pool-3-thread-1: A worker has done its job hotelapp.MultiThreadJsonFileParser$Worker@244bd79e
[10:49:33:261 @127 main: Created a worker for input\reviews\SanFrancisco\review890830.json
[10:49:33:261 @127 main: Created a worker for input\reviews\SanFrancisco\review891239.json
[10:49:33:261 @127 main: Created a worker for input\reviews\SanFrancisco\review894295.json
[10:49:33:261 @127 main: Created a worker for input\reviews\SanFrancisco\review897225.json
[10:49:33:261 @127 main: Created a worker for input\reviews\SanFrancisco\review897333.json
[10:49:33:261 @69 pool-3-thread-1: A worker has done its job hotelapp.MultiThreadJsonFileParser$Worker@633f73ac
[10:49:33:261 @127 main: Created a worker for input\reviews\SanFrancisco\review9043627.json
[10:49:33:261 @127 main: Created a worker for input\reviews\SanFrancisco\review904482.json
[10:49:33:261 @127 main: Created a worker for input\reviews\SanFrancisco\review910225.json
[10:49:33:261 @127 main: Created a worker for input\reviews\SanFrancisco\review912982.json
[10:49:33:262 @127 main: Created a worker for input\reviews\SanFrancisco\review915510.json
[10:49:33:262 @127 main: Created a worker for input\reviews\SanFrancisco\review918527.json
[10:49:33:262 @127 main: Created a worker for input\reviews\SanFrancisco\review919198.json
[10:49:33:262 @69 pool-3-thread-1: A worker has done its job hotelapp.MultiThreadJsonFileParser$Worker@64b89d38
[10:49:33:262 @127 main: Created a worker for input\reviews\SanFrancisco\SFOAirport\review1110785.json
[10:49:33:262 @127 main: Created a worker for input\reviews\SanFrancisco\SFOAirport\review1139289.json
[10:49:33:262 @127 main: Created a worker for input\reviews\SanFrancisco\SFOAirport\review12345.json
[10:49:33:262 @127 main: Created a worker for input\reviews\SanFrancisco\SFOAirport\review16955.json
[10:49:33:262 @127 main: Created a worker for input\reviews\SanFrancisco\SFOAirport\review23838.json
[10:49:33:262 @127 main: Created a worker for input\reviews\SanFrancisco\SFOAirport\review26500.json
[10:49:33:262 @127 main: Created a worker for input\reviews\SanFrancisco\SFOAirport\review28502.json
[10:49:33:262 @127 main: Created a worker for input\reviews\SanFrancisco\SFOAirport\review2981.json
[10:49:33:262 @69 pool-3-thread-1: A worker has done its job hotelapp.MultiThreadJsonFileParser$Worker@e424461
[10:49:33:262 @127 main: Created a worker for input\reviews\SanFrancisco\SFOAirport\review4044.json
[10:49:33:263 @127 main: Created a worker for input\reviews\SanFrancisco\SFOAirport\review40443.json
[10:49:33:263 @127 main: Created a worker for input\reviews\SanFrancisco\SFOAirport\review4705.json
[10:49:33:263 @127 main: Created a worker for input\reviews\SanFrancisco\SFOAirport\review487.json
[10:49:33:263 @127 main: Created a worker for input\reviews\SanFrancisco\SFOAirport\review524164.json
[10:49:33:263 @127 main: Created a worker for input\reviews\SanFrancisco\SFOAirport\review599536.json
[10:49:33:263 @69 pool-3-thread-1: A worker has done its job hotelapp.MultiThreadJsonFileParser$Worker@744f8510
[10:49:33:263 @127 main: Created a worker for input\reviews\SanFrancisco\SFOAirport\review7655.json
[10:49:33:263 @127 main: Created a worker for input\reviews\SanFrancisco\SFOAirport\review9329.json
[10:49:33:263 @127 main: Created a worker for input\reviews\SanFrancisco\UnionSq\review150946.json
[10:49:33:263 @127 main: Created a worker for input\reviews\SanFrancisco\UnionSq\review20547.json
[10:49:33:263 @127 main: Created a worker for input\reviews\SanFrancisco\UnionSq\review23395.json
[10:49:33:263 @127 main: Created a worker for input\reviews\SanFrancisco\UnionSq\review24468.json
[10:49:33:263 @127 main: Created a worker for input\reviews\SanFrancisco\UnionSq\review25622.json
[10:49:33:263 @69 pool-3-thread-1: A worker has done its job hotelapp.MultiThreadJsonFileParser$Worker@6cf53a26
[10:49:33:263 @127 main: Created a worker for input\reviews\SanFrancisco\UnionSq\review360.json
[10:49:33:263 @127 main: Created a worker for input\reviews\SanFrancisco\UnionSq\review5883.json
[10:49:33:263 @127 main: Created a worker for input\reviews\SanFrancisco\UnionSq\review8737.json
[10:49:33:264 @69 pool-3-thread-1: A worker has done its job hotelapp.MultiThreadJsonFileParser$Worker@4c843bdd
[10:49:33:265 @69 pool-3-thread-1: A worker has done its job hotelapp.MultiThreadJsonFileParser$Worker@50791f60
[10:49:33:265 @69 pool-3-thread-1: A worker has done its job hotelapp.MultiThreadJsonFileParser$Worker@5816677a
[10:49:33:265 @69 pool-3-thread-1: A worker has done its job hotelapp.MultiThreadJsonFileParser$Worker@1df75254
[10:49:33:265 @69 pool-3-thread-1: A worker has done its job hotelapp.MultiThreadJsonFileParser$Worker@70c0d8e4
[10:49:33:266 @69 pool-3-thread-1: A worker has done its job hotelapp.MultiThreadJsonFileParser$Worker@685a4b83
[10:49:33:266 @69 pool-3-thread-1: A worker has done its job hotelapp.MultiThreadJsonFileParser$Worker@31cdc45
[10:49:33:266 @69 pool-3-thread-1: A worker has done its job hotelapp.MultiThreadJsonFileParser$Worker@24de4b80
[10:49:33:267 @69 pool-3-thread-1: A worker has done its job hotelapp.MultiThreadJsonFileParser$Worker@52afa007
[10:49:33:267 @69 pool-3-thread-1: A worker has done its job hotelapp.MultiThreadJsonFileParser$Worker@6813ef82
[10:49:33:268 @69 pool-3-thread-1: A worker has done its job hotelapp.MultiThreadJsonFileParser$Worker@d08e831
[10:49:33:268 @69 pool-3-thread-1: A worker has done its job hotelapp.MultiThreadJsonFileParser$Worker@5bdc305b
[10:49:33:269 @69 pool-3-thread-1: A worker has done its job hotelapp.MultiThreadJsonFileParser$Worker@74dc1cbf
[10:49:33:269 @69 pool-3-thread-1: A worker has done its job hotelapp.MultiThreadJsonFileParser$Worker@3448259
[10:49:33:270 @69 pool-3-thread-1: A worker has done its job hotelapp.MultiThreadJsonFileParser$Worker@49c7bb60
[10:49:33:270 @69 pool-3-thread-1: A worker has done its job hotelapp.MultiThreadJsonFileParser$Worker@73a304eb
[10:49:33:271 @69 pool-3-thread-1: A worker has done its job hotelapp.MultiThreadJsonFileParser$Worker@670ed7c4
[10:49:33:271 @69 pool-3-thread-1: A worker has done its job hotelapp.MultiThreadJsonFileParser$Worker@40ffd736
[10:49:33:272 @69 pool-3-thread-1: A worker has done its job hotelapp.MultiThreadJsonFileParser$Worker@349778f2
[10:49:33:272 @69 pool-3-thread-1: A worker has done its job hotelapp.MultiThreadJsonFileParser$Worker@5f78a6d7
[10:49:33:273 @69 pool-3-thread-1: A worker has done its job hotelapp.MultiThreadJsonFileParser$Worker@4e59ea0b
[10:49:33:273 @69 pool-3-thread-1: A worker has done its job hotelapp.MultiThreadJsonFileParser$Worker@70a1d291
[10:49:33:274 @69 pool-3-thread-1: A worker has done its job hotelapp.MultiThreadJsonFileParser$Worker@7f7e649f
[10:49:33:274 @69 pool-3-thread-1: A worker has done its job hotelapp.MultiThreadJsonFileParser$Worker@65aa2bb9
[10:49:33:274 @69 pool-3-thread-1: A worker has done its job hotelapp.MultiThreadJsonFileParser$Worker@64a29cb5
[10:49:33:275 @69 pool-3-thread-1: A worker has done its job hotelapp.MultiThreadJsonFileParser$Worker@1ae9ffea
[10:49:33:276 @69 pool-3-thread-1: A worker has done its job hotelapp.MultiThreadJsonFileParser$Worker@16bf3ab4
[10:49:33:276 @69 pool-3-thread-1: A worker has done its job hotelapp.MultiThreadJsonFileParser$Worker@227c2c39
[10:49:33:277 @69 pool-3-thread-1: A worker has done its job hotelapp.MultiThreadJsonFileParser$Worker@524b5bf7
[10:49:33:277 @69 pool-3-thread-1: A worker has done its job hotelapp.MultiThreadJsonFileParser$Worker@708e8fb
[10:49:33:278 @69 pool-3-thread-1: A worker has done its job hotelapp.MultiThreadJsonFileParser$Worker@688d1834
[10:49:33:278 @69 pool-3-thread-1: A worker has done its job hotelapp.MultiThreadJsonFileParser$Worker@2b53fcf8
[10:49:33:279 @69 pool-3-thread-1: A worker has done its job hotelapp.MultiThreadJsonFileParser$Worker@23cf8e86
[10:49:33:280 @69 pool-3-thread-1: A worker has done its job hotelapp.MultiThreadJsonFileParser$Worker@63c0f534
[10:49:33:280 @69 pool-3-thread-1: A worker has done its job hotelapp.MultiThreadJsonFileParser$Worker@630c0dc0
[10:49:33:280 @69 pool-3-thread-1: A worker has done its job hotelapp.MultiThreadJsonFileParser$Worker@570c9965
[10:49:33:281 @69 pool-3-thread-1: A worker has done its job hotelapp.MultiThreadJsonFileParser$Worker@8e896bc
[10:49:33:282 @69 pool-3-thread-1: A worker has done its job hotelapp.MultiThreadJsonFileParser$Worker@6ce5abc0
[10:49:33:282 @69 pool-3-thread-1: A worker has done its job hotelapp.MultiThreadJsonFileParser$Worker@6f04c991
[10:49:33:283 @69 pool-3-thread-1: A worker has done its job hotelapp.MultiThreadJsonFileParser$Worker@5cf0a2a5
[10:49:33:284 @69 pool-3-thread-1: A worker has done its job hotelapp.MultiThreadJsonFileParser$Worker@10e192f1
[10:49:33:284 @69 pool-3-thread-1: A worker has done its job hotelapp.MultiThreadJsonFileParser$Worker@511b9086
[10:49:33:285 @69 pool-3-thread-1: A worker has done its job hotelapp.MultiThreadJsonFileParser$Worker@189a8375
[10:49:33:285 @69 pool-3-thread-1: A worker has done its job hotelapp.MultiThreadJsonFileParser$Worker@4126ef49
[10:49:33:286 @69 pool-3-thread-1: A worker has done its job hotelapp.MultiThreadJsonFileParser$Worker@5dcc8b86
[10:49:33:286 @69 pool-3-thread-1: A worker has done its job hotelapp.MultiThreadJsonFileParser$Worker@505eaf19
[10:49:33:287 @69 pool-3-thread-1: A worker has done its job hotelapp.MultiThreadJsonFileParser$Worker@1c131f4c
[10:49:33:287 @69 pool-3-thread-1: A worker has done its job hotelapp.MultiThreadJsonFileParser$Worker@6a39e720
[10:49:33:288 @69 pool-3-thread-1: A worker has done its job hotelapp.MultiThreadJsonFileParser$Worker@5310c15a
[10:49:33:288 @69 pool-3-thread-1: A worker has done its job hotelapp.MultiThreadJsonFileParser$Worker@76139a46
[10:49:33:289 @69 pool-3-thread-1: A worker has done its job hotelapp.MultiThreadJsonFileParser$Worker@727e12b7
[10:49:33:289 @69 pool-3-thread-1: A worker has done its job hotelapp.MultiThreadJsonFileParser$Worker@57dbfb3f
[10:49:33:290 @69 pool-3-thread-1: A worker has done its job hotelapp.MultiThreadJsonFileParser$Worker@294ea8f
[10:49:33:291 @69 pool-3-thread-1: A worker has done its job hotelapp.MultiThreadJsonFileParser$Worker@683f9131
[10:49:33:291 @69 pool-3-thread-1: A worker has done its job hotelapp.MultiThreadJsonFileParser$Worker@6a56cd2b
[10:49:33:292 @69 pool-3-thread-1: A worker has done its job hotelapp.MultiThreadJsonFileParser$Worker@625cc15d
[10:49:33:293 @69 pool-3-thread-1: A worker has done its job hotelapp.MultiThreadJsonFileParser$Worker@47b99f0b
[10:49:33:293 @69 pool-3-thread-1: A worker has done its job hotelapp.MultiThreadJsonFileParser$Worker@531b38d4
[10:49:33:293 @69 pool-3-thread-1: A worker has done its job hotelapp.MultiThreadJsonFileParser$Worker@ff89809
[10:49:33:294 @69 pool-3-thread-1: A worker has done its job hotelapp.MultiThreadJsonFileParser$Worker@b2af682
[10:49:33:294 @69 pool-3-thread-1: A worker has done its job hotelapp.MultiThreadJsonFileParser$Worker@e0712b
[10:49:33:294 @69 pool-3-thread-1: A worker has done its job hotelapp.MultiThreadJsonFileParser$Worker@ab7247b
[10:49:33:295 @69 pool-3-thread-1: A worker has done its job hotelapp.MultiThreadJsonFileParser$Worker@41c4cdf4
[10:49:33:295 @69 pool-3-thread-1: A worker has done its job hotelapp.MultiThreadJsonFileParser$Worker@1d06bda8
[10:49:33:296 @69 pool-3-thread-1: A worker has done its job hotelapp.MultiThreadJsonFileParser$Worker@1eecfe0a
[10:49:33:297 @69 pool-3-thread-1: A worker has done its job hotelapp.MultiThreadJsonFileParser$Worker@2dcb8550
[10:49:33:297 @69 pool-3-thread-1: A worker has done its job hotelapp.MultiThreadJsonFileParser$Worker@4a074670
[10:49:33:298 @69 pool-3-thread-1: A worker has done its job hotelapp.MultiThreadJsonFileParser$Worker@62c45965
[10:49:33:299 @69 pool-3-thread-1: A worker has done its job hotelapp.MultiThreadJsonFileParser$Worker@1b21e799
[10:49:33:299 @69 pool-3-thread-1: A worker has done its job hotelapp.MultiThreadJsonFileParser$Worker@6ab110a8
[10:49:33:300 @69 pool-3-thread-1: A worker has done its job hotelapp.MultiThreadJsonFileParser$Worker@1af5ff48
[10:49:33:301 @69 pool-3-thread-1: A worker has done its job hotelapp.MultiThreadJsonFileParser$Worker@5aba9202
[10:49:33:301 @69 pool-3-thread-1: A worker has done its job hotelapp.MultiThreadJsonFileParser$Worker@4e33bbe3
[10:49:33:302 @69 pool-3-thread-1: A worker has done its job hotelapp.MultiThreadJsonFileParser$Worker@2c65d6dd
[10:49:33:302 @69 pool-3-thread-1: A worker has done its job hotelapp.MultiThreadJsonFileParser$Worker@195f63a6
[10:49:33:303 @69 pool-3-thread-1: A worker has done its job hotelapp.MultiThreadJsonFileParser$Worker@177bc80d
[10:49:33:303 @69 pool-3-thread-1: A worker has done its job hotelapp.MultiThreadJsonFileParser$Worker@444485a2
[10:49:33:303 @69 pool-3-thread-1: A worker has done its job hotelapp.MultiThreadJsonFileParser$Worker@469570c9
[10:49:33:304 @69 pool-3-thread-1: A worker has done its job hotelapp.MultiThreadJsonFileParser$Worker@243579ee
[10:49:33:304 @69 pool-3-thread-1: A worker has done its job hotelapp.MultiThreadJsonFileParser$Worker@6dc7e6c5
[10:49:33:304 @69 pool-3-thread-1: A worker has done its job hotelapp.MultiThreadJsonFileParser$Worker@d4e074a
[10:49:33:305 @69 pool-3-thread-1: A worker has done its job hotelapp.MultiThreadJsonFileParser$Worker@60302d12
[10:49:33:308 @69 pool-3-thread-1: A worker has done its job hotelapp.MultiThreadJsonFileParser$Worker@6f45d2f3
[10:49:33:308 @69 pool-3-thread-1: A worker has done its job hotelapp.MultiThreadJsonFileParser$Worker@3d66f010
[10:49:33:309 @69 pool-3-thread-1: A worker has done its job hotelapp.MultiThreadJsonFileParser$Worker@406fd4a1
[10:49:33:309 @69 pool-3-thread-1: A worker has done its job hotelapp.MultiThreadJsonFileParser$Worker@21d63903
[10:49:33:309 @69 pool-3-thread-1: A worker has done its job hotelapp.MultiThreadJsonFileParser$Worker@60c5b580
[10:49:33:310 @69 pool-3-thread-1: A worker has done its job hotelapp.MultiThreadJsonFileParser$Worker@6a292ff8
[10:49:33:310 @69 pool-3-thread-1: A worker has done its job hotelapp.MultiThreadJsonFileParser$Worker@54dd34c0
[10:49:33:311 @69 pool-3-thread-1: A worker has done its job hotelapp.MultiThreadJsonFileParser$Worker@44d30179
[10:49:33:311 @69 pool-3-thread-1: A worker has done its job hotelapp.MultiThreadJsonFileParser$Worker@9f7d5d6
[10:49:33:312 @69 pool-3-thread-1: A worker has done its job hotelapp.MultiThreadJsonFileParser$Worker@2a826dff
[10:49:33:312 @69 pool-3-thread-1: A worker has done its job hotelapp.MultiThreadJsonFileParser$Worker@1744275b
[10:49:33:312 @69 pool-3-thread-1: A worker has done its job hotelapp.MultiThreadJsonFileParser$Worker@4b402403
[10:49:33:313 @69 pool-3-thread-1: A worker has done its job hotelapp.MultiThreadJsonFileParser$Worker@7cae11d8
[10:49:33:313 @69 pool-3-thread-1: A worker has done its job hotelapp.MultiThreadJsonFileParser$Worker@457a7627
[10:49:33:314 @69 pool-3-thread-1: A worker has done its job hotelapp.MultiThreadJsonFileParser$Worker@73b2ef2c
[10:49:33:314 @69 pool-3-thread-1: A worker has done its job hotelapp.MultiThreadJsonFileParser$Worker@3998bd65
[10:49:33:315 @69 pool-3-thread-1: A worker has done its job hotelapp.MultiThreadJsonFileParser$Worker@35344b5f
[10:49:33:315 @69 pool-3-thread-1: A worker has done its job hotelapp.MultiThreadJsonFileParser$Worker@23e9d890
[10:49:33:315 @69 pool-3-thread-1: A worker has done its job hotelapp.MultiThreadJsonFileParser$Worker@47c6884e
[10:49:33:316 @69 pool-3-thread-1: A worker has done its job hotelapp.MultiThreadJsonFileParser$Worker@3b496646
[10:49:33:316 @69 pool-3-thread-1: A worker has done its job hotelapp.MultiThreadJsonFileParser$Worker@2c30acc3
[10:49:33:317 @69 pool-3-thread-1: A worker has done its job hotelapp.MultiThreadJsonFileParser$Worker@41f0cc8d
[10:49:33:317 @69 pool-3-thread-1: A worker has done its job hotelapp.MultiThreadJsonFileParser$Worker@3207b805
[10:49:33:318 @69 pool-3-thread-1: A worker has done its job hotelapp.MultiThreadJsonFileParser$Worker@428c9355
[10:49:33:318 @69 pool-3-thread-1: A worker has done its job hotelapp.MultiThreadJsonFileParser$Worker@6bf36973
[10:49:33:319 @69 pool-3-thread-1: A worker has done its job hotelapp.MultiThreadJsonFileParser$Worker@2ca04424
[10:49:33:319 @69 pool-3-thread-1: A worker has done its job hotelapp.MultiThreadJsonFileParser$Worker@23681625
[10:49:33:320 @69 pool-3-thread-1: A worker has done its job hotelapp.MultiThreadJsonFileParser$Worker@5d83f26
[10:49:33:320 @69 pool-3-thread-1: A worker has done its job hotelapp.MultiThreadJsonFileParser$Worker@7510661f
[10:49:33:321 @69 pool-3-thread-1: A worker has done its job hotelapp.MultiThreadJsonFileParser$Worker@5bbf9dfd
[10:49:33:321 @69 pool-3-thread-1: A worker has done its job hotelapp.MultiThreadJsonFileParser$Worker@38056191
[10:49:33:322 @69 pool-3-thread-1: A worker has done its job hotelapp.MultiThreadJsonFileParser$Worker@7c6058b8
[10:49:33:323 @69 pool-3-thread-1: A worker has done its job hotelapp.MultiThreadJsonFileParser$Worker@a36f9b5
[10:49:33:324 @69 pool-3-thread-1: A worker has done its job hotelapp.MultiThreadJsonFileParser$Worker@2d41cd7b
[10:49:33:324 @69 pool-3-thread-1: A worker has done its job hotelapp.MultiThreadJsonFileParser$Worker@3edb38ab
[10:49:33:325 @69 pool-3-thread-1: A worker has done its job hotelapp.MultiThreadJsonFileParser$Worker@40800250
[10:49:33:326 @69 pool-3-thread-1: A worker has done its job hotelapp.MultiThreadJsonFileParser$Worker@7d46b0a4
[10:49:33:326 @69 pool-3-thread-1: A worker has done its job hotelapp.MultiThreadJsonFileParser$Worker@5ecf9062
[10:49:33:327 @69 pool-3-thread-1: A worker has done its job hotelapp.MultiThreadJsonFileParser$Worker@3936e570
[10:49:33:327 @69 pool-3-thread-1: A worker has done its job hotelapp.MultiThreadJsonFileParser$Worker@7964e284
[10:49:33:328 @69 pool-3-thread-1: A worker has done its job hotelapp.MultiThreadJsonFileParser$Worker@316fbe9c
[10:49:33:329 @69 pool-3-thread-1: A worker has done its job hotelapp.MultiThreadJsonFileParser$Worker@13016453
[10:49:33:330 @69 pool-3-thread-1: A worker has done its job hotelapp.MultiThreadJsonFileParser$Worker@1d120e26
[10:49:33:330 @69 pool-3-thread-1: A worker has done its job hotelapp.MultiThreadJsonFileParser$Worker@433cafc2
[10:49:33:331 @69 pool-3-thread-1: A worker has done its job hotelapp.MultiThreadJsonFileParser$Worker@f6b7267
[10:49:33:331 @69 pool-3-thread-1: A worker has done its job hotelapp.MultiThreadJsonFileParser$Worker@17d0ac25
[10:49:33:332 @69 pool-3-thread-1: A worker has done its job hotelapp.MultiThreadJsonFileParser$Worker@1abee3c7
[10:49:33:332 @114 main: Finish parse directory
[10:49:33:333 @33 main: Start process word frequency map
[10:49:33:449 @44 main: Finish process word frequency map
